<?xml version="1.0" encoding="UTF-8"?>
<!-- Generated by org.testng.reporters.JUnitReportReporter -->
<testsuite hostname="SmolBoi" failures="0" tests="1" name="webstaurantStore.WebstaurantStore" time="39.657" errors="0" timestamp="2022-05-15T18:50:56 EDT" skipped="0">
  <testcase classname="webstaurantStore.WebstaurantStore" name="tableTest" time="39.657"/>
  <system-out/>
</testsuite> <!-- webstaurantStore.WebstaurantStore -->
